<?xml version="1.0" encoding="UTF-8"?>
<!-- Generated by org.testng.reporters.JUnitReportReporter -->
<testsuite hostname="Arif" failures="0" tests="1" name="com.admin.qa.tests.LoginPageTest2" time="4.589" errors="0" timestamp="2024-06-30T11:41:17 BDT" skipped="0">
  <testcase classname="com.admin.qa.tests.LoginPageTest2" name="loginPageTitleTest" time="4.589"/>
  <system-out/>
</testsuite> <!-- com.admin.qa.tests.LoginPageTest2 -->
