<?xml version="1.0" encoding="UTF-8"?>
<!-- Generated by org.testng.reporters.JUnitReportReporter -->
<testsuite hostname="Arif" failures="0" tests="1" name="com.admin.qa.tests.MemberListFirstPage2" time="233.861" errors="0" timestamp="2024-07-11T20:38:41 BDT" skipped="0">
  <testcase classname="com.admin.qa.tests.MemberListFirstPage2" name="DataRetritveTest" time="233.861"/>
  <system-out/>
</testsuite> <!-- com.admin.qa.tests.MemberListFirstPage2 -->
