<?xml version="1.0" encoding="UTF-8"?>
<!-- Generated by org.testng.reporters.JUnitReportReporter -->
<testsuite hostname="DESKTOP-U3JSRN1" failures="0" tests="3" name="com.crm.qa.tests.LoginPageTest" time="23.243" errors="0" timestamp="2021-10-31T11:30:16 BDT" skipped="0">
  <testcase classname="com.crm.qa.tests.LoginPageTest" name="loginPageTitleTest" time="7.035"/>
  <system-out/>
  <testcase classname="com.crm.qa.tests.LoginPageTest" name="CRMLogoImageTest" time="5.526"/>
  <system-out/>
  <testcase classname="com.crm.qa.tests.LoginPageTest" name="loginTest" time="10.682"/>
  <system-out/>
</testsuite> <!-- com.crm.qa.tests.LoginPageTest -->
