<?xml version="1.0" encoding="UTF-8"?>
<!-- Generated by org.testng.reporters.JUnitReportReporter -->
<testsuite hostname="LAPTOP-R3VTKOTJ" failures="0" tests="1" name="com.crm.qa.tests.HomePageTest" time="400.447" errors="0" timestamp="30 Jan 2024 03:36:34 GMT" skipped="0">
  <testcase classname="com.crm.qa.tests.HomePageTest" name="homePageTitleTest4" time="400.447"/>
</testsuite> <!-- com.crm.qa.tests.HomePageTest -->
